<?xml version="1.0" encoding="UTF-8"?>
<testsuite xmlns:xsi="http://www.w3.org/2001/XMLSchema-instance" xsi:noNamespaceSchemaLocation="https://maven.apache.org/surefire/maven-surefire-plugin/xsd/surefire-test-report-3.0.xsd" version="3.0" name="com.example.saga.order.OrderServiceIntegrationTest" time="14.355" tests="1" errors="0" skipped="0" failures="0">
  <properties>
[...]
</properties>
  <testcase name="testOrderCreation" classname="com.example.saga.order.OrderServiceIntegrationTest" time="0.445">
    <system-out><![CDATA[12:23:55.997 [main] INFO org.springframework.test.context.support.AnnotationConfigContextLoaderUtils -- Could not detect default configuration classes for test class [com.example.saga.order.OrderServiceIntegrationTest]: OrderServiceIntegrationTest does not declare any static, non-private, non-final, nested classes annotated with @Configuration.
12:23:56.032 [main] INFO org.springframework.boot.test.context.SpringBootTestContextBootstrapper -- Found @SpringBootConfiguration com.example.saga.order.OrderServiceApplication for test class com.example.saga.order.OrderServiceIntegrationTest

  .   ____          _            __ _ _
 /\\ / ___'_ __ _ _(_)_ __  __ _ \ \ \ \
( ( )\___ | '_ | '_| | '_ \/ _` | \ \ \ \
 \\/  ___)| |_)| | | | | || (_| |  ) ) ) )
  '  |____| .__|_| |_|_| |_\__, | / / / /
 =========|_|==============|___/=/_/_/_/
 :: Spring Boot ::                (v3.2.0)

2026-01-09T12:23:56.331+01:00  INFO 17709 --- [order-service] [           main] k.utils.Log4jControllerRegistration$     : Registered kafka:type=kafka.Log4jController MBean
2026-01-09T12:23:56.341+01:00  INFO 17709 --- [order-service] [           main] org.apache.zookeeper.common.X509Util     : Setting -D jdk.tls.rejectClientInitiatedRenegotiation=true to disable client-initiated TLS renegotiation
2026-01-09T12:23:56.388+01:00  INFO 17709 --- [order-service] [-kit-executor-1] kafka.server.ControllerServer            : Formatting /var/folders/h7/x1f5qrms3yq9psd05pj7jldh0000gq/T/kafka-4610474581241125807/controller_0 with metadata.version 3.3-IV0.
2026-01-09T12:23:56.389+01:00  INFO 17709 --- [order-service] [-kit-executor-3] kafka.server.BrokerServer                : [BrokerServer id=0] Transition from SHUTDOWN to STARTING
2026-01-09T12:23:56.389+01:00  INFO 17709 --- [order-service] [-kit-executor-2] kafka.server.ControllerServer            : [ControllerServer id=0] Starting controller
2026-01-09T12:23:56.389+01:00  INFO 17709 --- [order-service] [-kit-executor-3] kafka.server.SharedServer                : [SharedServer id=0] Starting SharedServer
2026-01-09T12:23:56.400+01:00  INFO 17709 --- [order-service] [-kit-executor-2] o.a.k.s.network.EndpointReadyFutures     : authorizerStart completed for endpoint CONTROLLER. Endpoint is now READY.
2026-01-09T12:23:56.432+01:00  INFO 17709 --- [order-service] [-kit-executor-3] kafka.log.UnifiedLog$                    : [LogLoader partition=__cluster_metadata-0, dir=/var/folders/h7/x1f5qrms3yq9psd05pj7jldh0000gq/T/kafka-4610474581241125807/controller_0] Loading producer state till offset 0 with message format version 2
2026-01-09T12:23:56.432+01:00  INFO 17709 --- [order-service] [-kit-executor-3] kafka.log.UnifiedLog$                    : [LogLoader partition=__cluster_metadata-0, dir=/var/folders/h7/x1f5qrms3yq9psd05pj7jldh0000gq/T/kafka-4610474581241125807/controller_0] Reloading from producer snapshot and rebuilding producer state from offset 0
2026-01-09T12:23:56.432+01:00  INFO 17709 --- [order-service] [-kit-executor-3] kafka.log.UnifiedLog$                    : [LogLoader partition=__cluster_metadata-0, dir=/var/folders/h7/x1f5qrms3yq9psd05pj7jldh0000gq/T/kafka-4610474581241125807/controller_0] Producer state recovery took 0ms for snapshot load and 0ms for segment recovery from offset 0
2026-01-09T12:23:56.445+01:00  INFO 17709 --- [order-service] [-kit-executor-3] kafka.raft.KafkaMetadataLog$             : Initialized snapshots with IDs SortedSet() from /var/folders/h7/x1f5qrms3yq9psd05pj7jldh0000gq/T/kafka-4610474581241125807/controller_0/__cluster_metadata-0
2026-01-09T12:23:56.454+01:00  INFO 17709 --- [order-service] [piration-reaper] ExpirationService$ExpiredOperationReaper : [raft-expiration-reaper]: Starting
2026-01-09T12:23:56.474+01:00  INFO 17709 --- [order-service] [-kit-executor-3] org.apache.kafka.raft.QuorumState        : [RaftManager id=0] Completed transition to Unattached(epoch=0, voters=[0], electionTimeoutMs=1110) from null
2026-01-09T12:23:56.480+01:00  INFO 17709 --- [order-service] [-kit-executor-3] org.apache.kafka.raft.QuorumState        : [RaftManager id=0] Completed transition to CandidateState(localId=0, epoch=1, retries=1, voteStates={0=GRANTED}, highWatermark=Optional.empty, electionTimeoutMs=1285) from Unattached(epoch=0, voters=[0], electionTimeoutMs=1110)
2026-01-09T12:23:56.487+01:00  INFO 17709 --- [order-service] [-kit-executor-3] org.apache.kafka.raft.QuorumState        : [RaftManager id=0] Completed transition to Leader(localId=0, epoch=1, epochStartOffset=0, highWatermark=Optional.empty, voterStates={0=ReplicaState(nodeId=0, endOffset=Optional.empty, lastFetchTimestamp=-1, lastCaughtUpTimestamp=-1, hasAcknowledgedLeader=true)}) from CandidateState(localId=0, epoch=1, retries=1, voteStates={0=GRANTED}, highWatermark=Optional.empty, electionTimeoutMs=1285)
2026-01-09T12:23:56.509+01:00  INFO 17709 --- [order-service] [-kit-executor-2] kafka.network.ConnectionQuotas           : Updated connection-accept-rate max connection creation rate to 2147483647
2026-01-09T12:23:56.516+01:00  INFO 17709 --- [order-service] [-kit-executor-2] kafka.network.DataPlaneAcceptor          : Awaiting socket connections on localhost:54921.
2026-01-09T12:23:56.516+01:00  INFO 17709 --- [order-service] [-kit-executor-2] kafka.network.DataPlaneAcceptor          : Opened wildcard endpoint localhost:54921
2026-01-09T12:23:56.521+01:00  INFO 17709 --- [order-service] [-kit-executor-2] kafka.network.SocketServer               : [SocketServer listenerType=CONTROLLER, nodeId=0] Created data-plane acceptor and processors for endpoint : ListenerName(CONTROLLER)
2026-01-09T12:23:56.522+01:00  INFO 17709 --- [order-service] [-request-thread] kafka.raft.RaftSendThread                : [kafka-0-raft-outbound-request-thread]: Starting
2026-01-09T12:23:56.522+01:00  INFO 17709 --- [order-service] [-raft-io-thread] k.raft.KafkaRaftManager$RaftIoThread     : [kafka-0-raft-io-thread]: Starting
2026-01-09T12:23:56.527+01:00  INFO 17709 --- [order-service] [-raft-io-thread] org.apache.kafka.raft.LeaderState        : [RaftManager id=0] High watermark set to LogOffsetMetadata(offset=1, metadata=Optional[(segmentBaseOffset=0,relativePositionInSegment=91)]) for the first time for epoch 1 based on indexOfHw 0 and voters [ReplicaState(nodeId=0, endOffset=Optional[LogOffsetMetadata(offset=1, metadata=Optional[(segmentBaseOffset=0,relativePositionInSegment=91)])], lastFetchTimestamp=-1, lastCaughtUpTimestamp=-1, hasAcknowledgedLeader=true)]
2026-01-09T12:23:56.528+01:00  INFO 17709 --- [order-service] [r-event-handler] o.a.kafka.image.loader.MetadataLoader    : [MetadataLoader id=0] initializeNewPublishers: The loader is still catching up because we have loaded up to offset -1, but the high water mark is 1
2026-01-09T12:23:56.528+01:00  INFO 17709 --- [order-service] [-kit-executor-3] kafka.server.BrokerServer                : [BrokerServer id=0] Starting broker
2026-01-09T12:23:56.528+01:00  INFO 17709 --- [order-service] [-kit-executor-2] kafka.server.ControllerServer            : [ControllerServer id=0] Waiting for controller quorum voters future
2026-01-09T12:23:56.529+01:00  INFO 17709 --- [order-service] [-kit-executor-2] kafka.server.ControllerServer            : [ControllerServer id=0] Finished waiting for controller quorum voters future
2026-01-09T12:23:56.533+01:00  INFO 17709 --- [order-service] [-raft-io-thread] org.apache.kafka.raft.KafkaRaftClient    : [RaftManager id=0] Registered the listener org.apache.kafka.image.loader.MetadataLoader@809796562
2026-01-09T12:23:56.535+01:00  INFO 17709 --- [order-service] [nelReaper-Fetch] lientQuotaManager$ThrottledChannelReaper : [broker-0-ThrottledChannelReaper-Fetch]: Starting
2026-01-09T12:23:56.535+01:00  INFO 17709 --- [order-service] [lReaper-Produce] lientQuotaManager$ThrottledChannelReaper : [broker-0-ThrottledChannelReaper-Produce]: Starting
2026-01-09T12:23:56.535+01:00  INFO 17709 --- [order-service] [lReaper-Request] lientQuotaManager$ThrottledChannelReaper : [broker-0-ThrottledChannelReaper-Request]: Starting
2026-01-09T12:23:56.536+01:00  INFO 17709 --- [order-service] [trollerMutation] lientQuotaManager$ThrottledChannelReaper : [broker-0-ThrottledChannelReaper-ControllerMutation]: Starting
2026-01-09T12:23:56.536+01:00  INFO 17709 --- [order-service] [r-event-handler] o.a.kafka.image.loader.MetadataLoader    : [MetadataLoader id=0] maybePublishMetadata(LOG_DELTA): The loader is still catching up because we have not loaded a controller record as of offset 0 and high water mark is 1
2026-01-09T12:23:56.540+01:00  INFO 17709 --- [order-service] [-kit-executor-2] o.a.kafka.controller.QuorumController    : [QuorumController id=0] Creating new QuorumController with clusterId rRL4NXqiS5-i5Dph2yuAxw.
2026-01-09T12:23:56.540+01:00  INFO 17709 --- [order-service] [-raft-io-thread] org.apache.kafka.raft.KafkaRaftClient    : [RaftManager id=0] Registered the listener org.apache.kafka.controller.QuorumController$QuorumMetaLogListener@436562369
2026-01-09T12:23:56.540+01:00  INFO 17709 --- [order-service] [nelReaper-Fetch] lientQuotaManager$ThrottledChannelReaper : [controller-0-ThrottledChannelReaper-Fetch]: Starting
2026-01-09T12:23:56.540+01:00  INFO 17709 --- [order-service] [lReaper-Produce] lientQuotaManager$ThrottledChannelReaper : [controller-0-ThrottledChannelReaper-Produce]: Starting
2026-01-09T12:23:56.540+01:00  INFO 17709 --- [order-service] [lReaper-Request] lientQuotaManager$ThrottledChannelReaper : [controller-0-ThrottledChannelReaper-Request]: Starting
2026-01-09T12:23:56.540+01:00  INFO 17709 --- [order-service] [trollerMutation] lientQuotaManager$ThrottledChannelReaper : [controller-0-ThrottledChannelReaper-ControllerMutation]: Starting
2026-01-09T12:23:56.541+01:00  INFO 17709 --- [order-service] [0-event-handler] o.a.kafka.controller.QuorumController    : [QuorumController id=0] Becoming the active controller at epoch 1, next write offset 1.
2026-01-09T12:23:56.542+01:00  INFO 17709 --- [order-service] [-kit-executor-3] kafka.log.LogManager                     : Log directory /var/folders/h7/x1f5qrms3yq9psd05pj7jldh0000gq/T/kafka-4610474581241125807/broker_0_data0 not found, creating it.
2026-01-09T12:23:56.542+01:00  WARN 17709 --- [order-service] [0-event-handler] o.a.kafka.controller.QuorumController    : [QuorumController id=0] Performing controller activation. The metadata log appears to be empty. Appending 1 bootstrap record(s) in metadata transaction at metadata.version 3.6-IV2 from bootstrap source 'testkit'. Setting the ZK migration state to NONE since this is a de-novo KRaft cluster.
2026-01-09T12:23:56.542+01:00  INFO 17709 --- [order-service] [0-event-handler] o.a.k.controller.OffsetControlManager    : [QuorumController id=0] Replayed BeginTransactionRecord(name='Bootstrap records') at offset 1.
2026-01-09T12:23:56.543+01:00  INFO 17709 --- [order-service] [0-event-handler] o.a.k.controller.FeatureControlManager   : [QuorumController id=0] Replayed a FeatureLevelRecord setting metadata version to 3.6-IV2
2026-01-09T12:23:56.543+01:00  INFO 17709 --- [order-service] [0-event-handler] o.a.k.controller.OffsetControlManager    : [QuorumController id=0] Replayed EndTransactionRecord() at offset 4.
2026-01-09T12:23:56.545+01:00  INFO 17709 --- [order-service] [per-0-AlterAcls] perationPurgatory$ExpiredOperationReaper : [ExpirationReaper-0-AlterAcls]: Starting
2026-01-09T12:23:56.548+01:00  INFO 17709 --- [order-service] [-kit-executor-2] kafka.server.ControllerServer            : [ControllerServer id=0] Waiting for the controller metadata publishers to be installed
2026-01-09T12:23:56.548+01:00  INFO 17709 --- [order-service] [r-event-handler] o.a.kafka.image.loader.MetadataLoader    : [MetadataLoader id=0] initializeNewPublishers: The loader finished catching up to the current high water mark of 1
2026-01-09T12:23:56.548+01:00  INFO 17709 --- [order-service] [-kit-executor-2] kafka.server.ControllerServer            : [ControllerServer id=0] Finished waiting for the controller metadata publishers to be installed
2026-01-09T12:23:56.548+01:00  INFO 17709 --- [order-service] [-kit-executor-2] kafka.network.SocketServer               : [SocketServer listenerType=CONTROLLER, nodeId=0] Enabling request processing.
2026-01-09T12:23:56.549+01:00  INFO 17709 --- [order-service] [-kit-executor-3] kafka.server.BrokerServer                : [BrokerServer id=0] Waiting for controller quorum voters future
2026-01-09T12:23:56.549+01:00  INFO 17709 --- [order-service] [-kit-executor-3] kafka.server.BrokerServer                : [BrokerServer id=0] Finished waiting for controller quorum voters future
2026-01-09T12:23:56.549+01:00  INFO 17709 --- [order-service] [-kit-executor-2] kafka.server.ControllerServer            : [ControllerServer id=0] Waiting for all of the authorizer futures to be completed
2026-01-09T12:23:56.549+01:00  INFO 17709 --- [order-service] [-kit-executor-2] kafka.server.ControllerServer            : [ControllerServer id=0] Finished waiting for all of the authorizer futures to be completed
2026-01-09T12:23:56.549+01:00  INFO 17709 --- [order-service] [-kit-executor-2] kafka.server.ControllerServer            : [ControllerServer id=0] Waiting for all of the SocketServer Acceptors to be started
2026-01-09T12:23:56.549+01:00  INFO 17709 --- [order-service] [-kit-executor-2] kafka.server.ControllerServer            : [ControllerServer id=0] Finished waiting for all of the SocketServer Acceptors to be started
2026-01-09T12:23:56.549+01:00  INFO 17709 --- [order-service] [r-event-handler] o.a.kafka.image.loader.MetadataLoader    : [MetadataLoader id=0] InitializeNewPublishers: initializing SnapshotGenerator with a snapshot at offset 0
2026-01-09T12:23:56.550+01:00  INFO 17709 --- [order-service] [r-event-handler] o.a.kafka.image.loader.MetadataLoader    : [MetadataLoader id=0] InitializeNewPublishers: initializing FeaturesPublisher with a snapshot at offset 0
2026-01-09T12:23:56.550+01:00  INFO 17709 --- [order-service] [r-event-handler] o.a.kafka.image.loader.MetadataLoader    : [MetadataLoader id=0] InitializeNewPublishers: initializing DynamicConfigPublisher controller id=0 with a snapshot at offset 0
2026-01-09T12:23:56.550+01:00  INFO 17709 --- [order-service] [r-event-handler] o.a.kafka.image.loader.MetadataLoader    : [MetadataLoader id=0] InitializeNewPublishers: initializing DynamicClientQuotaPublisher controller id=0 with a snapshot at offset 0
2026-01-09T12:23:56.550+01:00  INFO 17709 --- [order-service] [r-event-handler] o.a.kafka.image.loader.MetadataLoader    : [MetadataLoader id=0] InitializeNewPublishers: initializing ScramPublisher controller id=0 with a snapshot at offset 0
2026-01-09T12:23:56.550+01:00  INFO 17709 --- [order-service] [r-event-handler] o.a.kafka.image.loader.MetadataLoader    : [MetadataLoader id=0] InitializeNewPublishers: initializing DelegationTokenPublisher controller id=0 with a snapshot at offset 0
2026-01-09T12:23:56.551+01:00  INFO 17709 --- [order-service] [channel-manager] k.s.BrokerToControllerRequestThread      : [broker-0-to-controller-forwarding-channel-manager]: Starting
2026-01-09T12:23:56.551+01:00  INFO 17709 --- [order-service] [r-event-handler] o.a.kafka.image.loader.MetadataLoader    : [MetadataLoader id=0] InitializeNewPublishers: initializing ControllerMetadataMetricsPublisher with a snapshot at offset 0
2026-01-09T12:23:56.551+01:00  INFO 17709 --- [order-service] [channel-manager] k.s.BrokerToControllerRequestThread      : [broker-0-to-controller-forwarding-channel-manager]: Recorded new controller, from now on will use node localhost:54921 (id: 0 rack: null)
2026-01-09T12:23:56.551+01:00  INFO 17709 --- [order-service] [r-event-handler] o.a.kafka.image.loader.MetadataLoader    : [MetadataLoader id=0] InitializeNewPublishers: initializing AclPublisher controller id=0 with a snapshot at offset 0
2026-01-09T12:23:56.560+01:00  INFO 17709 --- [order-service] [-kit-executor-3] kafka.network.ConnectionQuotas           : Updated connection-accept-rate max connection creation rate to 2147483647
2026-01-09T12:23:56.561+01:00  INFO 17709 --- [order-service] [-kit-executor-3] kafka.network.DataPlaneAcceptor          : Awaiting socket connections on localhost:54922.
2026-01-09T12:23:56.561+01:00  INFO 17709 --- [order-service] [-kit-executor-3] kafka.network.DataPlaneAcceptor          : Opened wildcard endpoint localhost:54922
2026-01-09T12:23:56.562+01:00  INFO 17709 --- [order-service] [-kit-executor-3] kafka.network.SocketServer               : [SocketServer listenerType=BROKER, nodeId=0] Created data-plane acceptor and processors for endpoint : ListenerName(EXTERNAL)
2026-01-09T12:23:56.563+01:00  INFO 17709 --- [order-service] [channel-manager] k.s.BrokerToControllerRequestThread      : [broker-0-to-controller-alter-partition-channel-manager]: Starting
2026-01-09T12:23:56.563+01:00  INFO 17709 --- [order-service] [channel-manager] k.s.BrokerToControllerRequestThread      : [broker-0-to-controller-alter-partition-channel-manager]: Recorded new controller, from now on will use node localhost:54921 (id: 0 rack: null)
2026-01-09T12:23:56.569+01:00  INFO 17709 --- [order-service] [eaper-0-Produce] perationPurgatory$ExpiredOperationReaper : [ExpirationReaper-0-Produce]: Starting
2026-01-09T12:23:56.569+01:00  INFO 17709 --- [order-service] [nReaper-0-Fetch] perationPurgatory$ExpiredOperationReaper : [ExpirationReaper-0-Fetch]: Starting
2026-01-09T12:23:56.569+01:00  INFO 17709 --- [order-service] [0-DeleteRecords] perationPurgatory$ExpiredOperationReaper : [ExpirationReaper-0-DeleteRecords]: Starting
2026-01-09T12:23:56.570+01:00  INFO 17709 --- [order-service] [r-0-ElectLeader] perationPurgatory$ExpiredOperationReaper : [ExpirationReaper-0-ElectLeader]: Starting
2026-01-09T12:23:56.570+01:00  INFO 17709 --- [order-service] [r-0-RemoteFetch] perationPurgatory$ExpiredOperationReaper : [ExpirationReaper-0-RemoteFetch]: Starting
2026-01-09T12:23:56.576+01:00  INFO 17709 --- [order-service] [per-0-Heartbeat] perationPurgatory$ExpiredOperationReaper : [ExpirationReaper-0-Heartbeat]: Starting
2026-01-09T12:23:56.576+01:00  INFO 17709 --- [order-service] [per-0-Rebalance] perationPurgatory$ExpiredOperationReaper : [ExpirationReaper-0-Rebalance]: Starting
2026-01-09T12:23:56.586+01:00  INFO 17709 --- [order-service] [channel-manager] k.s.BrokerToControllerRequestThread      : [broker-0-to-controller-heartbeat-channel-manager]: Starting
2026-01-09T12:23:56.586+01:00  INFO 17709 --- [order-service] [channel-manager] k.s.BrokerToControllerRequestThread      : [broker-0-to-controller-heartbeat-channel-manager]: Recorded new controller, from now on will use node localhost:54921 (id: 0 rack: null)
2026-01-09T12:23:56.587+01:00  INFO 17709 --- [order-service] [r-event-handler] kafka.server.BrokerLifecycleManager      : [BrokerLifecycleManager id=0] Incarnation D37G50t-QbGbN1HX0Of_eQ of broker 0 in cluster rRL4NXqiS5-i5Dph2yuAxw is now STARTING.
2026-01-09T12:23:56.594+01:00  INFO 17709 --- [order-service] [per-0-AlterAcls] perationPurgatory$ExpiredOperationReaper : [ExpirationReaper-0-AlterAcls]: Starting
2026-01-09T12:23:56.600+01:00  INFO 17709 --- [order-service] [-kit-executor-3] kafka.server.BrokerServer                : [BrokerServer id=0] Waiting for the broker metadata publishers to be installed
2026-01-09T12:23:56.600+01:00  INFO 17709 --- [order-service] [-kit-executor-3] kafka.server.BrokerServer                : [BrokerServer id=0] Finished waiting for the broker metadata publishers to be installed
2026-01-09T12:23:56.600+01:00  INFO 17709 --- [order-service] [-kit-executor-3] kafka.server.BrokerServer                : [BrokerServer id=0] Waiting for the controller to acknowledge that we are caught up
2026-01-09T12:23:56.600+01:00  INFO 17709 --- [order-service] [r-event-handler] o.a.kafka.image.loader.MetadataLoader    : [MetadataLoader id=0] InitializeNewPublishers: initializing BrokerMetadataPublisher with a snapshot at offset 4
2026-01-09T12:23:56.600+01:00  INFO 17709 --- [order-service] [r-event-handler] k.s.metadata.BrokerMetadataPublisher     : [BrokerMetadataPublisher id=0] Publishing initial metadata at offset OffsetAndEpoch(offset=4, epoch=1) with metadata.version 3.6-IV2.
2026-01-09T12:23:56.601+01:00  INFO 17709 --- [order-service] [r-event-handler] kafka.log.LogManager                     : Loading logs from log dirs ArraySeq(/var/folders/h7/x1f5qrms3yq9psd05pj7jldh0000gq/T/kafka-4610474581241125807/broker_0_data0)
2026-01-09T12:23:56.603+01:00  INFO 17709 --- [order-service] [r-event-handler] kafka.log.LogManager                     : No logs found to be loaded in /var/folders/h7/x1f5qrms3yq9psd05pj7jldh0000gq/T/kafka-4610474581241125807/broker_0_data0
2026-01-09T12:23:56.604+01:00  INFO 17709 --- [order-service] [r-event-handler] kafka.log.LogManager                     : Loaded 0 logs in 3ms
2026-01-09T12:23:56.604+01:00  INFO 17709 --- [order-service] [r-event-handler] kafka.log.LogManager                     : Starting log cleanup with a period of 300000 ms.
2026-01-09T12:23:56.604+01:00  INFO 17709 --- [order-service] [r-event-handler] kafka.log.LogManager                     : Starting log flusher with a default period of 9223372036854775807 ms.
2026-01-09T12:23:56.606+01:00  INFO 17709 --- [order-service] [0-event-handler] o.a.k.controller.ClusterControlManager   : [QuorumController id=0] Replayed initial RegisterBrokerRecord for broker 0: RegisterBrokerRecord(brokerId=0, isMigratingZkBroker=false, incarnationId=D37G50t-QbGbN1HX0Of_eQ, brokerEpoch=5, endPoints=[BrokerEndpoint(name='EXTERNAL', host='localhost', port=54922, securityProtocol=0)], features=[BrokerFeature(name='metadata.version', minSupportedVersion=1, maxSupportedVersion=14)], rack=null, fenced=true, inControlledShutdown=false)
2026-01-09T12:23:56.608+01:00  INFO 17709 --- [order-service] [r-event-handler] kafka.log.LogCleaner                     : Starting the log cleaner
2026-01-09T12:23:56.610+01:00  INFO 17709 --- [order-service] [leaner-thread-0] kafka.log.LogCleaner$CleanerThread       : [kafka-log-cleaner-thread-0]: Starting
2026-01-09T12:23:56.610+01:00  INFO 17709 --- [order-service] [rFailureHandler] k.s.ReplicaManager$LogDirFailureHandler  : [LogDirFailureHandler]: Starting
2026-01-09T12:23:56.610+01:00  INFO 17709 --- [order-service] [nSenderThread-0] kafka.server.AddPartitionsToTxnManager   : [AddPartitionsToTxnSenderThread-0]: Starting
2026-01-09T12:23:56.611+01:00  INFO 17709 --- [order-service] [r-event-handler] k.coordinator.group.GroupCoordinator     : [GroupCoordinator 0]: Starting up.
2026-01-09T12:23:56.611+01:00  INFO 17709 --- [order-service] [r-event-handler] k.coordinator.group.GroupCoordinator     : [GroupCoordinator 0]: Startup complete.
2026-01-09T12:23:56.611+01:00  INFO 17709 --- [order-service] [r-event-handler] k.c.transaction.TransactionCoordinator   : [TransactionCoordinator id=0] Starting up.
2026-01-09T12:23:56.612+01:00  INFO 17709 --- [order-service] [rSenderThread-0] k.c.t.TransactionMarkerChannelManager    : [TxnMarkerSenderThread-0]: Starting
2026-01-09T12:23:56.612+01:00  INFO 17709 --- [order-service] [r-event-handler] k.c.transaction.TransactionCoordinator   : [TransactionCoordinator id=0] Startup complete.
2026-01-09T12:23:56.612+01:00  INFO 17709 --- [order-service] [r-event-handler] k.s.metadata.BrokerMetadataPublisher     : [BrokerMetadataPublisher id=0] Updating metadata.version to 14 at offset OffsetAndEpoch(offset=4, epoch=1).
2026-01-09T12:23:56.637+01:00  INFO 17709 --- [order-service] [channel-manager] kafka.server.BrokerLifecycleManager      : [BrokerLifecycleManager id=0] Successfully registered broker 0 with broker epoch 5
2026-01-09T12:23:56.639+01:00  INFO 17709 --- [order-service] [channel-manager] kafka.server.BrokerLifecycleManager      : [BrokerLifecycleManager id=0] The broker has caught up. Transitioning from STARTING to RECOVERY.
2026-01-09T12:23:56.639+01:00  INFO 17709 --- [order-service] [-kit-executor-3] kafka.server.BrokerServer                : [BrokerServer id=0] Finished waiting for the controller to acknowledge that we are caught up
2026-01-09T12:23:56.639+01:00  INFO 17709 --- [order-service] [-kit-executor-3] kafka.server.BrokerServer                : [BrokerServer id=0] Waiting for the initial broker metadata update to be published
2026-01-09T12:23:56.639+01:00  INFO 17709 --- [order-service] [-kit-executor-3] kafka.server.BrokerServer                : [BrokerServer id=0] Finished waiting for the initial broker metadata update to be published
2026-01-09T12:23:56.641+01:00  INFO 17709 --- [order-service] [-kit-executor-3] kafka.server.BrokerServer                : [BrokerServer id=0] Waiting for the broker to be unfenced
2026-01-09T12:23:56.641+01:00  INFO 17709 --- [order-service] [0-event-handler] o.a.k.controller.BrokerHeartbeatManager  : [QuorumController id=0] The request from broker 0 to unfence has been granted because it has caught up with the offset of its register broker record 5.
2026-01-09T12:23:56.643+01:00  INFO 17709 --- [order-service] [0-event-handler] o.a.k.controller.ClusterControlManager   : [QuorumController id=0] Replayed BrokerRegistrationChangeRecord modifying the registration for broker 0: BrokerRegistrationChangeRecord(brokerId=0, brokerEpoch=5, fenced=-1, inControlledShutdown=0)
2026-01-09T12:23:56.674+01:00  INFO 17709 --- [order-service] [channel-manager] kafka.server.BrokerLifecycleManager      : [BrokerLifecycleManager id=0] The broker has been unfenced. Transitioning from RECOVERY to RUNNING.
2026-01-09T12:23:56.674+01:00  INFO 17709 --- [order-service] [-kit-executor-3] kafka.server.BrokerServer                : [BrokerServer id=0] Finished waiting for the broker to be unfenced
2026-01-09T12:23:56.674+01:00  INFO 17709 --- [order-service] [-kit-executor-3] o.a.k.s.network.EndpointReadyFutures     : authorizerStart completed for endpoint EXTERNAL. Endpoint is now READY.
2026-01-09T12:23:56.674+01:00  INFO 17709 --- [order-service] [-kit-executor-3] kafka.network.SocketServer               : [SocketServer listenerType=BROKER, nodeId=0] Enabling request processing.
2026-01-09T12:23:56.674+01:00  INFO 17709 --- [order-service] [-kit-executor-3] kafka.server.BrokerServer                : [BrokerServer id=0] Waiting for all of the authorizer futures to be completed
2026-01-09T12:23:56.674+01:00  INFO 17709 --- [order-service] [-kit-executor-3] kafka.server.BrokerServer                : [BrokerServer id=0] Finished waiting for all of the authorizer futures to be completed
2026-01-09T12:23:56.674+01:00  INFO 17709 --- [order-service] [-kit-executor-3] kafka.server.BrokerServer                : [BrokerServer id=0] Waiting for all of the SocketServer Acceptors to be started
2026-01-09T12:23:56.674+01:00  INFO 17709 --- [order-service] [-kit-executor-3] kafka.server.BrokerServer                : [BrokerServer id=0] Finished waiting for all of the SocketServer Acceptors to be started
2026-01-09T12:23:56.674+01:00  INFO 17709 --- [order-service] [-kit-executor-3] kafka.server.BrokerServer                : [BrokerServer id=0] Transition from STARTING to STARTED
2026-01-09T12:23:56.681+01:00  INFO 17709 --- [order-service] [           main] o.a.k.clients.admin.AdminClientConfig    : AdminClientConfig values: 
	auto.include.jmx.reporter = true
	bootstrap.servers = [localhost:54922]
	client.dns.lookup = use_all_dns_ips
	client.id = 
	connections.max.idle.ms = 300000
	default.api.timeout.ms = 60000
	metadata.max.age.ms = 300000
	metric.reporters = []
	metrics.num.samples = 2
	metrics.recording.level = INFO
	metrics.sample.window.ms = 30000
	receive.buffer.bytes = 65536
	reconnect.backoff.max.ms = 1000
	reconnect.backoff.ms = 50
	request.timeout.ms = 30000
	retries = 2147483647
	retry.backoff.ms = 100
	sasl.client.callback.handler.class = null
	sasl.jaas.config = null
	sasl.kerberos.kinit.cmd = /usr/bin/kinit
	sasl.kerberos.min.time.before.relogin = 60000
	sasl.kerberos.service.name = null
	sasl.kerberos.ticket.renew.jitter = 0.05
	sasl.kerberos.ticket.renew.window.factor = 0.8
	sasl.login.callback.handler.class = null
	sasl.login.class = null
	sasl.login.connect.timeout.ms = null
	sasl.login.read.timeout.ms = null
	sasl.login.refresh.buffer.seconds = 300
	sasl.login.refresh.min.period.seconds = 60
	sasl.login.refresh.window.factor = 0.8
	sasl.login.refresh.window.jitter = 0.05
	sasl.login.retry.backoff.max.ms = 10000
	sasl.login.retry.backoff.ms = 100
	sasl.mechanism = GSSAPI
	sasl.oauthbearer.clock.skew.seconds = 30
	sasl.oauthbearer.expected.audience = null
	sasl.oauthbearer.expected.issuer = null
	sasl.oauthbearer.jwks.endpoint.refresh.ms = 3600000
	sasl.oauthbearer.jwks.endpoint.retry.backoff.max.ms = 10000
	sasl.oauthbearer.jwks.endpoint.retry.backoff.ms = 100
	sasl.oauthbearer.jwks.endpoint.url = null
	sasl.oauthbearer.scope.claim.name = scope
	sasl.oauthbearer.sub.claim.name = sub
	sasl.oauthbearer.token.endpoint.url = null
	security.protocol = PLAINTEXT
	security.providers = null
	send.buffer.bytes = 131072
	socket.connection.setup.timeout.max.ms = 30000
	socket.connection.setup.timeout.ms = 10000
	ssl.cipher.suites = null
	ssl.enabled.protocols = [TLSv1.2, TLSv1.3]
	ssl.endpoint.identification.algorithm = https
	ssl.engine.factory.class = null
	ssl.key.password = null
	ssl.keymanager.algorithm = SunX509
	ssl.keystore.certificate.chain = null
	ssl.keystore.key = null
	ssl.keystore.location = null
	ssl.keystore.password = null
	ssl.keystore.type = JKS
	ssl.protocol = TLSv1.3
	ssl.provider = null
	ssl.secure.random.implementation = null
	ssl.trustmanager.algorithm = PKIX
	ssl.truststore.certificates = null
	ssl.truststore.location = null
	ssl.truststore.password = null
	ssl.truststore.type = JKS

2026-01-09T12:23:56.688+01:00  INFO 17709 --- [order-service] [           main] o.a.kafka.common.utils.AppInfoParser     : Kafka version: 3.6.0
2026-01-09T12:23:56.688+01:00  INFO 17709 --- [order-service] [           main] o.a.kafka.common.utils.AppInfoParser     : Kafka commitId: 60e845626d8a465a
2026-01-09T12:23:56.688+01:00  INFO 17709 --- [order-service] [           main] o.a.kafka.common.utils.AppInfoParser     : Kafka startTimeMs: 1767957836688
2026-01-09T12:23:56.689+01:00  INFO 17709 --- [order-service] [| adminclient-1] o.a.kafka.common.utils.AppInfoParser     : App info kafka.admin.client for adminclient-1 unregistered
2026-01-09T12:23:56.690+01:00  INFO 17709 --- [order-service] [| adminclient-1] o.a.k.c.a.i.AdminMetadataManager         : [AdminClient clientId=adminclient-1] Metadata update failed

org.apache.kafka.common.errors.TimeoutException: Timed out waiting to send the call. Call: fetchMetadata

2026-01-09T12:23:56.690+01:00  INFO 17709 --- [order-service] [| adminclient-1] o.a.k.clients.admin.KafkaAdminClient     : [AdminClient clientId=adminclient-1] Timed out 1 remaining operation(s) during close.
2026-01-09T12:23:56.692+01:00  INFO 17709 --- [order-service] [| adminclient-1] o.apache.kafka.common.metrics.Metrics    : Metrics scheduler closed
2026-01-09T12:23:56.692+01:00  INFO 17709 --- [order-service] [| adminclient-1] o.apache.kafka.common.metrics.Metrics    : Closing reporter org.apache.kafka.common.metrics.JmxReporter
2026-01-09T12:23:56.692+01:00  INFO 17709 --- [order-service] [| adminclient-1] o.apache.kafka.common.metrics.Metrics    : Metrics reporters closed
2026-01-09T12:23:56.694+01:00  INFO 17709 --- [order-service] [           main] c.e.s.order.OrderServiceIntegrationTest  : Starting OrderServiceIntegrationTest using Java 21.0.9 with PID 17709 (started by mgmn in /Users/mgmn/GFT/Workspaces/saga-architecture/saga-architecture-java/order-service)
2026-01-09T12:23:56.694+01:00  INFO 17709 --- [order-service] [           main] c.e.s.order.OrderServiceIntegrationTest  : The following 1 profile is active: "test"
2026-01-09T12:23:56.931+01:00  INFO 17709 --- [order-service] [           main] .s.d.r.c.RepositoryConfigurationDelegate : Bootstrapping Spring Data JPA repositories in DEFAULT mode.
2026-01-09T12:23:56.979+01:00  INFO 17709 --- [order-service] [           main] .s.d.r.c.RepositoryConfigurationDelegate : Finished Spring Data repository scanning in 45 ms. Found 1 JPA repository interface.
2026-01-09T12:23:57.041+01:00  INFO 17709 --- [order-service] [           main] faultConfiguringBeanFactoryPostProcessor : No bean named 'errorChannel' has been explicitly defined. Therefore, a default PublishSubscribeChannel will be created.
2026-01-09T12:23:57.044+01:00  INFO 17709 --- [order-service] [           main] faultConfiguringBeanFactoryPostProcessor : No bean named 'integrationHeaderChannelRegistry' has been explicitly defined. Therefore, a default DefaultHeaderChannelRegistry will be created.
2026-01-09T12:23:57.214+01:00  INFO 17709 --- [order-service] [           main] o.s.b.w.embedded.tomcat.TomcatWebServer  : Tomcat initialized with port 0 (http)
2026-01-09T12:23:57.217+01:00  INFO 17709 --- [order-service] [           main] o.apache.catalina.core.StandardService   : Starting service [Tomcat]
2026-01-09T12:23:57.217+01:00  INFO 17709 --- [order-service] [           main] o.apache.catalina.core.StandardEngine    : Starting Servlet engine: [Apache Tomcat/10.1.16]
2026-01-09T12:23:57.237+01:00  INFO 17709 --- [order-service] [           main] o.a.c.c.C.[Tomcat].[localhost].[/]       : Initializing Spring embedded WebApplicationContext
2026-01-09T12:23:57.238+01:00  INFO 17709 --- [order-service] [           main] w.s.c.ServletWebServerApplicationContext : Root WebApplicationContext: initialization completed in 537 ms
2026-01-09T12:23:57.278+01:00  INFO 17709 --- [order-service] [           main] com.zaxxer.hikari.HikariDataSource       : HikariPool-1 - Starting...
2026-01-09T12:23:57.341+01:00  INFO 17709 --- [order-service] [           main] com.zaxxer.hikari.pool.HikariPool        : HikariPool-1 - Added connection conn0: url=jdbc:h2:mem:orderdb_test user=SA
2026-01-09T12:23:57.341+01:00  INFO 17709 --- [order-service] [           main] com.zaxxer.hikari.HikariDataSource       : HikariPool-1 - Start completed.
2026-01-09T12:23:57.361+01:00  INFO 17709 --- [order-service] [           main] liquibase.database                       : Set default schema name to PUBLIC
2026-01-09T12:23:57.594+01:00  INFO 17709 --- [order-service] [           main] liquibase.changelog                      : Creating database history table with name: PUBLIC.DATABASECHANGELOG
2026-01-09T12:23:57.625+01:00  INFO 17709 --- [order-service] [           main] liquibase.changelog                      : Reading from PUBLIC.DATABASECHANGELOG
2026-01-09T12:23:57.648+01:00  INFO 17709 --- [order-service] [           main] liquibase.lockservice                    : Successfully acquired change log lock
2026-01-09T12:23:57.648+01:00  INFO 17709 --- [order-service] [           main] liquibase.command                        : Using deploymentId: 7957837648
2026-01-09T12:23:57.649+01:00  INFO 17709 --- [order-service] [           main] liquibase.changelog                      : Reading from PUBLIC.DATABASECHANGELOG
Running Changeset: db/changelog/01-create-orders-table.xml::1::architect
2026-01-09T12:23:57.658+01:00  INFO 17709 --- [order-service] [           main] liquibase.changelog                      : Table orders created
2026-01-09T12:23:57.658+01:00  INFO 17709 --- [order-service] [           main] liquibase.changelog                      : ChangeSet db/changelog/01-create-orders-table.xml::1::architect ran successfully in 2ms
Running Changeset: db/changelog/02-add-audit-columns.xml::2::hexagonal-refactor
2026-01-09T12:23:57.664+01:00  INFO 17709 --- [order-service] [           main] liquibase.changelog                      : Columns created_at(TIMESTAMP) added to orders
2026-01-09T12:23:57.665+01:00  INFO 17709 --- [order-service] [           main] liquibase.changelog                      : Columns updated_at(TIMESTAMP) added to orders
2026-01-09T12:23:57.665+01:00  INFO 17709 --- [order-service] [           main] liquibase.changelog                      : ChangeSet db/changelog/02-add-audit-columns.xml::2::hexagonal-refactor ran successfully in 4ms
2026-01-09T12:23:57.667+01:00  INFO 17709 --- [order-service] [           main] liquibase.util                           : UPDATE SUMMARY
2026-01-09T12:23:57.667+01:00  INFO 17709 --- [order-service] [           main] liquibase.util                           : Run:                          2
2026-01-09T12:23:57.667+01:00  INFO 17709 --- [order-service] [           main] liquibase.util                           : Previously run:               0
2026-01-09T12:23:57.667+01:00  INFO 17709 --- [order-service] [           main] liquibase.util                           : Filtered out:                 0
2026-01-09T12:23:57.667+01:00  INFO 17709 --- [order-service] [           main] liquibase.util                           : -------------------------------
2026-01-09T12:23:57.667+01:00  INFO 17709 --- [order-service] [           main] liquibase.util                           : Total change sets:            2
2026-01-09T12:23:57.667+01:00  INFO 17709 --- [order-service] [           main] liquibase.util                           : Update summary generated
2026-01-09T12:23:57.667+01:00  INFO 17709 --- [order-service] [           main] liquibase.command                        : Update command completed successfully.
Liquibase: Update has been successful. Rows affected: 2
2026-01-09T12:23:57.668+01:00  INFO 17709 --- [order-service] [           main] liquibase.lockservice                    : Successfully released change log lock
2026-01-09T12:23:57.668+01:00  INFO 17709 --- [order-service] [           main] liquibase.command                        : Command execution complete
2026-01-09T12:23:57.699+01:00  INFO 17709 --- [order-service] [           main] o.hibernate.jpa.internal.util.LogHelper  : HHH000204: Processing PersistenceUnitInfo [name: default]
2026-01-09T12:23:57.721+01:00  INFO 17709 --- [order-service] [           main] org.hibernate.Version                    : HHH000412: Hibernate ORM core version 6.3.1.Final
2026-01-09T12:23:57.734+01:00  INFO 17709 --- [order-service] [           main] o.h.c.internal.RegionFactoryInitiator    : HHH000026: Second-level cache disabled
2026-01-09T12:23:57.809+01:00  INFO 17709 --- [order-service] [           main] o.s.o.j.p.SpringPersistenceUnitInfo      : No LoadTimeWeaver setup: ignoring JPA class transformer
2026-01-09T12:23:57.823+01:00  WARN 17709 --- [order-service] [           main] org.hibernate.orm.deprecation            : HHH90000025: H2Dialect does not need to be specified explicitly using 'hibernate.dialect' (remove the property setting and it will be selected by default)
2026-01-09T12:23:58.095+01:00  INFO 17709 --- [order-service] [           main] o.h.e.t.j.p.i.JtaPlatformInitiator       : HHH000489: No JTA platform available (set 'hibernate.transaction.jta.platform' to enable JTA platform integration)
2026-01-09T12:23:58.104+01:00  INFO 17709 --- [order-service] [           main] j.LocalContainerEntityManagerFactoryBean : Initialized JPA EntityManagerFactory for persistence unit 'default'
2026-01-09T12:23:58.360+01:00  WARN 17709 --- [order-service] [           main] JpaBaseConfiguration$JpaWebConfiguration : spring.jpa.open-in-view is enabled by default. Therefore, database queries may be performed during view rendering. Explicitly configure spring.jpa.open-in-view to disable this warning
2026-01-09T12:23:58.529+01:00  WARN 17709 --- [order-service] [           main] c.f.c.c.BeanFactoryAwareFunctionRegistry : Multiple functional beans were found [inventoryEventConsumer, paymentEventConsumer, orderCreatedConsumer], thus can't determine default function definition. Please use 'spring.cloud.function.definition' property to explicitly define it. 
2026-01-09T12:23:58.565+01:00  INFO 17709 --- [order-service] [           main] o.s.i.endpoint.EventDrivenConsumer       : Adding {logging-channel-adapter:_org.springframework.integration.errorLogger} as a subscriber to the 'errorChannel' channel
2026-01-09T12:23:58.565+01:00  INFO 17709 --- [order-service] [           main] o.s.i.channel.PublishSubscribeChannel    : Channel 'order-service.errorChannel' has 1 subscriber(s).
2026-01-09T12:23:58.565+01:00  INFO 17709 --- [order-service] [           main] o.s.i.endpoint.EventDrivenConsumer       : started bean '_org.springframework.integration.errorLogger'
2026-01-09T12:23:58.568+01:00  INFO 17709 --- [order-service] [           main] o.s.b.w.embedded.tomcat.TomcatWebServer  : Tomcat started on port 54925 (http) with context path ''
2026-01-09T12:23:58.572+01:00  INFO 17709 --- [order-service] [           main] c.e.s.order.OrderServiceIntegrationTest  : Started OrderServiceIntegrationTest in 2.499 seconds (process running for 2.939)
2026-01-09T12:23:58.892+01:00  INFO 17709 --- [order-service] [o-auto-1-exec-1] o.a.c.c.C.[Tomcat].[localhost].[/]       : Initializing Spring DispatcherServlet 'dispatcherServlet'
2026-01-09T12:23:58.892+01:00  INFO 17709 --- [order-service] [o-auto-1-exec-1] o.s.web.servlet.DispatcherServlet        : Initializing Servlet 'dispatcherServlet'
2026-01-09T12:23:58.893+01:00  INFO 17709 --- [order-service] [o-auto-1-exec-1] o.s.web.servlet.DispatcherServlet        : Completed initialization in 0 ms
2026-01-09T12:23:58.927+01:00  INFO 17709 --- [order-service] [o-auto-1-exec-1] c.e.s.o.i.a.i.rest.OrderRestController   : REST: Received create order request for userId: 1
2026-01-09T12:23:58.929+01:00  INFO 17709 --- [order-service] [o-auto-1-exec-1] .e.s.o.a.s.CreateOrderApplicationService : Creating order for user: 1, product: 101, amount: 100.00
2026-01-09T12:23:58.951+01:00  INFO 17709 --- [order-service] [o-auto-1-exec-1] .e.s.o.a.s.CreateOrderApplicationService : Order created with ID: 35f39034-aeee-4a70-a70e-df48ab26d2aa
2026-01-09T12:23:58.957+01:00  INFO 17709 --- [order-service] [o-auto-1-exec-1] c.e.s.o.i.a.i.rest.OrderRestController   : REST: Order created successfully with ID: 35f39034-aeee-4a70-a70e-df48ab26d2aa
]]></system-out>
    <system-err><![CDATA[WARNING: A Java agent has been loaded dynamically (/Users/mgmn/.m2/repository/net/bytebuddy/byte-buddy-agent/1.14.10/byte-buddy-agent-1.14.10.jar)
WARNING: If a serviceability tool is in use, please run with -XX:+EnableDynamicAgentLoading to hide this warning
WARNING: If a serviceability tool is not in use, please run with -Djdk.instrument.traceUsage for more information
WARNING: Dynamic loading of agents will be disallowed by default in a future release
]]></system-err>
  </testcase>
</testsuite>